<?xml version="1.0" encoding="UTF-8"?>
<!-- Generated by org.testng.reporters.JUnitReportReporter -->
<testsuite hostname="DESKTOP-5329SEA" failures="0" tests="1" name="FirstMavenProject.ExcelMaven" time="1.659" errors="0" timestamp="2022-11-26T18:39:45 EST" skipped="0">
  <testcase classname="FirstMavenProject.ExcelMaven" name="readExcelData" time="1.659"/>
  <system-out/>
</testsuite> <!-- FirstMavenProject.ExcelMaven -->
