<?xml version="1.0" encoding="UTF-8"?>
<!-- Generated by org.testng.reporters.JUnitReportReporter -->
<testsuite hostname="DESKTOP-5329SEA" failures="0" tests="5" name="TestsCases.LoginCheck" time="164.515" errors="0" timestamp="2022-12-05T15:27:52 EST" skipped="0">
  <testcase classname="TestsCases.LoginCheck" name="loginCheck" time="12.738"/>
  <system-out/>
  <testcase classname="TestsCases.LoginCheck" name="loginCheck" time="58.200"/>
  <system-out/>
  <testcase classname="TestsCases.LoginCheck" name="loginCheck" time="20.513"/>
  <system-out/>
  <testcase classname="TestsCases.LoginCheck" name="loginCheck" time="46.880"/>
  <system-out/>
  <testcase classname="TestsCases.LoginCheck" name="loginCheck" time="26.184"/>
  <system-out/>
</testsuite> <!-- TestsCases.LoginCheck -->
