<?xml version="1.0" encoding="UTF-8"?>
<!-- Generated by org.testng.reporters.JUnitReportReporter -->
<testsuite hostname="DESKTOP-5329SEA" failures="0" tests="1" name="TestsCases.CreateNewAccountTC" time="24.342" errors="0" timestamp="2022-12-05T15:11:26 EST" skipped="0">
  <testcase classname="TestsCases.CreateNewAccountTC" name="createNewButton" time="24.342"/>
  <system-out/>
</testsuite> <!-- TestsCases.CreateNewAccountTC -->
